S2T_KIOSK/app/build/intermediates/manifest_merge_blame_file/debug/manifest-merger-blame-debug-report.txt
1<?xml version="1.0" encoding="utf-8"?>
2<manifest xmlns:android="http://schemas.android.com/apk/res/android"
3    package="com.example.s2t_kiosk"
4    android:versionCode="1"
5    android:versionName="1.0" >
6
7    <uses-sdk
8        android:minSdkVersion="21"
8-->src/main/AndroidManifest.xml
9        android:targetSdkVersion="29" />
9-->src/main/AndroidManifest.xml
10
11    <uses-permission android:name="android.permission.INTERNET" />
11-->src/main/AndroidManifest.xml:6:5-67
11-->src/main/AndroidManifest.xml:6:22-64
12    <uses-permission android:name="android.permission.RECORD_AUDIO" />
12-->src/main/AndroidManifest.xml:7:5-71
12-->src/main/AndroidManifest.xml:7:22-68
13    <uses-permission android:name="android.permission.MODIFY_AUDIO_SETTINGS" />
13-->src/main/AndroidManifest.xml:8:5-80
13-->src/main/AndroidManifest.xml:8:22-77
14    <uses-permission android:name="android.permission.WRITE_EXTERNAL_STORAGE" />
14-->src/main/AndroidManifest.xml:9:5-81
14-->src/main/AndroidManifest.xml:9:22-78
15    <uses-permission android:name="android.permission.READ_EXTERNAL_STORAGE" />
15-->src/main/AndroidManifest.xml:10:5-80
15-->src/main/AndroidManifest.xml:10:22-77
16    <uses-permission android:name="android.permission.INTERACT_ACROSS_USERS_FULL" />
16-->src/main/AndroidManifest.xml:11:5-13:47
16-->src/main/AndroidManifest.xml:12:9-69
17
18    <meta-data android:name="com.google.api" />
18-->src/main/AndroidManifest.xml:14:5-15:40
18-->src/main/AndroidManifest.xml:15:9-38
19
20    <application
20-->src/main/AndroidManifest.xml:17:5-35:19
21        android:allowBackup="true"
21-->src/main/AndroidManifest.xml:18:9-35
22        android:appComponentFactory="androidx.core.app.CoreComponentFactory"
22-->[androidx.core:core:1.1.0] AndroidManifest.xml:24:18-86
23        android:debuggable="true"
24        android:icon="@mipmap/ic_launcher"
24-->src/main/AndroidManifest.xml:19:9-43
25        android:label="@string/app_name"
25-->src/main/AndroidManifest.xml:20:9-41
26        android:roundIcon="@mipmap/ic_launcher_round"
26-->src/main/AndroidManifest.xml:21:9-54
27        android:supportsRtl="true"
27-->src/main/AndroidManifest.xml:22:9-35
28        android:testOnly="true"
29        android:theme="@style/AppTheme"
29-->src/main/AndroidManifest.xml:23:9-40
30        android:usesCleartextTraffic="true" >
30-->src/main/AndroidManifest.xml:24:9-44
31        <activity android:name="com.example.s2t_kiosk.MainActivity" >
31-->src/main/AndroidManifest.xml:25:9-31:20
31-->src/main/AndroidManifest.xml:25:19-47
32            <intent-filter>
32-->src/main/AndroidManifest.xml:26:13-30:29
33                <action android:name="android.intent.action.MAIN" />
33-->src/main/AndroidManifest.xml:27:17-69
33-->src/main/AndroidManifest.xml:27:25-66
34
35                <category android:name="android.intent.category.LAUNCHER" />
35-->src/main/AndroidManifest.xml:29:17-77
35-->src/main/AndroidManifest.xml:29:27-74
36            </intent-filter>
37        </activity>
38        <activity
38-->src/main/AndroidManifest.xml:32:9-94
39            android:name="com.example.s2t_kiosk.PopupActivity"
39-->src/main/AndroidManifest.xml:32:19-48
40            android:theme="@android:style/Theme.Dialog" />
40-->src/main/AndroidManifest.xml:32:49-92
41        <activity
41-->src/main/AndroidManifest.xml:33:9-97
42            android:name="com.example.s2t_kiosk.PopupActivityRec"
42-->src/main/AndroidManifest.xml:33:19-51
43            android:theme="@android:style/Theme.Dialog" />
43-->src/main/AndroidManifest.xml:33:52-95
44        <activity android:name="com.example.s2t_kiosk.OrderActivity" />
44-->src/main/AndroidManifest.xml:34:9-60
44-->src/main/AndroidManifest.xml:34:19-48
45    </application>
46
47</manifest>